d:\os2223\filemapping\wspfilememmappedwindow\filetofile\debug\filetofile.pch
d:\os2223\filemapping\wspfilememmappedwindow\filetofile\debug\vc143.pdb
d:\os2223\filemapping\wspfilememmappedwindow\filetofile\debug\vc143.idb
d:\os2223\filemapping\wspfilememmappedwindow\filetofile\debug\stdafx.obj
d:\os2223\filemapping\wspfilememmappedwindow\filetofile\debug\filetofile.obj
d:\os2223\filemapping\wspfilememmappedwindow\filetofile\debug\wndhandles.obj
d:\os2223\filemapping\wspfilememmappedwindow\filetofile\debug\filetofile.res
d:\os2223\filemapping\wspfilememmappedwindow\filetofile\debug\filetofile.pdb
d:\os2223\filemapping\wspfilememmappedwindow\filetofile\debug\filetofile.tlog\cl.command.1.tlog
d:\os2223\filemapping\wspfilememmappedwindow\filetofile\debug\filetofile.tlog\cl.read.1.tlog
d:\os2223\filemapping\wspfilememmappedwindow\filetofile\debug\filetofile.tlog\cl.write.1.tlog
d:\os2223\filemapping\wspfilememmappedwindow\filetofile\debug\filetofile.tlog\link-cvtres.read.1.tlog
d:\os2223\filemapping\wspfilememmappedwindow\filetofile\debug\filetofile.tlog\link-cvtres.write.1.tlog
d:\os2223\filemapping\wspfilememmappedwindow\filetofile\debug\filetofile.tlog\link-rc.read.1.tlog
d:\os2223\filemapping\wspfilememmappedwindow\filetofile\debug\filetofile.tlog\link-rc.write.1.tlog
d:\os2223\filemapping\wspfilememmappedwindow\filetofile\debug\filetofile.tlog\link.command.1.tlog
d:\os2223\filemapping\wspfilememmappedwindow\filetofile\debug\filetofile.tlog\link.read.1.tlog
d:\os2223\filemapping\wspfilememmappedwindow\filetofile\debug\filetofile.tlog\link.write.1.tlog
d:\os2223\filemapping\wspfilememmappedwindow\filetofile\debug\filetofile.tlog\rc.command.1.tlog
d:\os2223\filemapping\wspfilememmappedwindow\filetofile\debug\filetofile.tlog\rc.read.1.tlog
d:\os2223\filemapping\wspfilememmappedwindow\filetofile\debug\filetofile.tlog\rc.write.1.tlog
